0 info it worked if it ends with ok
1 verbose cli [ 'C:\\Program Files\\nodejs\\node.exe',
1 verbose cli   'C:\\Program Files\\nodejs\\node_modules\\npm\\bin\\npm-cli.js',
1 verbose cli   'run',
1 verbose cli   'dev' ]
2 info using npm@3.10.10
3 info using node@v6.11.1
4 verbose run-script [ 'predev', 'dev', 'postdev' ]
5 info lifecycle final-project@1.0.0~predev: final-project@1.0.0
6 silly lifecycle final-project@1.0.0~predev: no script for predev, continuing
7 info lifecycle final-project@1.0.0~dev: final-project@1.0.0
8 verbose lifecycle final-project@1.0.0~dev: unsafe-perm in lifecycle true
9 verbose lifecycle final-project@1.0.0~dev: PATH: C:\Program Files\nodejs\node_modules\npm\bin\node-gyp-bin;C:\Users\KV-Disco\Desktop\skylabCoders\skylab_course\FinalProject\node_modules\.bin;C:\Program Files\Sublime Text 3;C:\Users\KV-Disco\Desktop\skylabCoders\cmder\bin;C:\Users\KV-Disco\Desktop\skylabCoders\cmder\vendor\git-for-windows\cmd;C:\Users\KV-Disco\Desktop\skylabCoders\cmder\vendor\conemu-maximus5\ConEmu\Scripts;C:\Users\KV-Disco\Desktop\skylabCoders\cmder\vendor\conemu-maximus5;C:\Users\KV-Disco\Desktop\skylabCoders\cmder\vendor\conemu-maximus5\ConEmu;C:\Program Files (x86)\Intel\iCLS Client\;C:\Program Files\Intel\iCLS Client\;C:\Windows\system32;C:\Windows;C:\Windows\System32\Wbem;C:\Windows\System32\WindowsPowerShell\v1.0\;C:\Program Files (x86)\Intel\Intel(R) Management Engine Components\DAL;C:\Program Files\Intel\Intel(R) Management Engine Components\DAL;C:\Program Files (x86)\Intel\Intel(R) Management Engine Components\IPT;C:\Program Files\Intel\Intel(R) Management Engine Components\IPT;C:\Program Files (x86)\NVIDIA Corporation\PhysX\Common;C:\WINDOWS\system32;C:\WINDOWS;C:\WINDOWS\System32\Wbem;C:\WINDOWS\System32\WindowsPowerShell\v1.0\;C:\Program Files\nodejs\;C:\Users\KV-Disco\AppData\Local\Microsoft\WindowsApps;C:\Users\KV-Disco\AppData\Roaming\npm;C:\Program Files\MongoDB\Server\3.4\bin;C:\Program Files\Heroku\bin;C:\Users\KV-Disco\AppData\Roaming\Dashlane\4.8.5.35155\bin\Firefox_Extension\{442718d9-475e-452a-b3e1-fb1ee16b8e9f}\components;C:\Users\KV-Disco\AppData\Roaming\Dashlane\4.8.5.35155\ucrt;C:\Users\KV-Disco\Desktop\skylabCoders\cmder\vendor\git-for-windows\usr\bin;C:\Users\KV-Disco\Desktop\skylabCoders\cmder\vendor\git-for-windows\usr\share\vim\vim74;C:\Users\KV-Disco\Desktop\skylabCoders\cmder\
10 verbose lifecycle final-project@1.0.0~dev: CWD: C:\Users\KV-Disco\Desktop\skylabCoders\skylab_course\FinalProject
11 silly lifecycle final-project@1.0.0~dev: Args: [ '/d /s /c', 'nodemon server/app' ]
12 silly lifecycle final-project@1.0.0~dev: Returned: code: 1  signal: null
13 info lifecycle final-project@1.0.0~dev: Failed to exec dev script
14 verbose stack Error: final-project@1.0.0 dev: `nodemon server/app`
14 verbose stack Exit status 1
14 verbose stack     at EventEmitter.<anonymous> (C:\Program Files\nodejs\node_modules\npm\lib\utils\lifecycle.js:255:16)
14 verbose stack     at emitTwo (events.js:106:13)
14 verbose stack     at EventEmitter.emit (events.js:191:7)
14 verbose stack     at ChildProcess.<anonymous> (C:\Program Files\nodejs\node_modules\npm\lib\utils\spawn.js:40:14)
14 verbose stack     at emitTwo (events.js:106:13)
14 verbose stack     at ChildProcess.emit (events.js:191:7)
14 verbose stack     at maybeClose (internal/child_process.js:891:16)
14 verbose stack     at Process.ChildProcess._handle.onexit (internal/child_process.js:226:5)
15 verbose pkgid final-project@1.0.0
16 verbose cwd C:\Users\KV-Disco\Desktop\skylabCoders\skylab_course\FinalProject
17 error Windows_NT 10.0.15063
18 error argv "C:\\Program Files\\nodejs\\node.exe" "C:\\Program Files\\nodejs\\node_modules\\npm\\bin\\npm-cli.js" "run" "dev"
19 error node v6.11.1
20 error npm  v3.10.10
21 error code ELIFECYCLE
22 error final-project@1.0.0 dev: `nodemon server/app`
22 error Exit status 1
23 error Failed at the final-project@1.0.0 dev script 'nodemon server/app'.
23 error Make sure you have the latest version of node.js and npm installed.
23 error If you do, this is most likely a problem with the final-project package,
23 error not with npm itself.
23 error Tell the author that this fails on your system:
23 error     nodemon server/app
23 error You can get information on how to open an issue for this project with:
23 error     npm bugs final-project
23 error Or if that isn't available, you can get their info via:
23 error     npm owner ls final-project
23 error There is likely additional logging output above.
24 verbose exit [ 1, true ]
